# JRE version: Java(TM) SE Runtime Environment (8.0_05-b13) (build 1.8.0_05-b13)
# Java VM: Java HotSpot(TM) 64-Bit Server VM (25.5-b02 mixed mode windows-amd64 compressed oops)
Heap:
 PSYoungGen      total 37888K, used 28983K [0x00000000eab00000, 0x00000000ee180000, 0x0000000100000000)
  eden space 33792K, 75% used [0x00000000eab00000,0x00000000ec3c5368,0x00000000ecc00000)
  from space 4096K, 88% used [0x00000000ecc00000,0x00000000ecf88960,0x00000000ed000000)
  to   space 4096K, 0% used [0x00000000edd80000,0x00000000edd80000,0x00000000ee180000)
 ParOldGen       total 129536K, used 57746K [0x00000000c0000000, 0x00000000c7e80000, 0x00000000eab00000)
  object space 129536K, 44% used [0x00000000c0000000,0x00000000c38648d0,0x00000000c7e80000)
 Metaspace       used 6529K, capacity 7358K, committed 7680K, reserved 1056768K
  class space    used 662K, capacity 689K, committed 768K, reserved 1048576K
GC Heap History (10 events):
Event: 3.673 GC heap before
{Heap before GC invocations=15 (full 0):
 PSYoungGen      total 18944K, used 16421K [0x00000000eab00000, 0x00000000ec180000, 0x0000000100000000)
  eden space 14848K, 100% used [0x00000000eab00000,0x00000000eb980000,0x00000000eb980000)
  from space 4096K, 38% used [0x00000000ebd80000,0x00000000ebf09460,0x00000000ec180000)
  to   space 4096K, 0% used [0x00000000eb980000,0x00000000eb980000,0x00000000ebd80000)
 ParOldGen       total 129536K, used 13783K [0x00000000c0000000, 0x00000000c7e80000, 0x00000000eab00000)
  object space 129536K, 10% used [0x00000000c0000000,0x00000000c0d75ea8,0x00000000c7e80000)
 Metaspace       used 6360K, capacity 7252K, committed 7424K, reserved 1056768K
  class space    used 648K, capacity 652K, committed 768K, reserved 1048576K
Event: 3.684 GC heap after
Heap after GC invocations=15 (full 0):
 PSYoungGen      total 18944K, used 2388K [0x00000000eab00000, 0x00000000eca80000, 0x0000000100000000)
  eden space 14848K, 0% used [0x00000000eab00000,0x00000000eab00000,0x00000000eb980000)
  from space 4096K, 58% used [0x00000000eb980000,0x00000000ebbd52f0,0x00000000ebd80000)
  to   space 4096K, 0% used [0x00000000ec680000,0x00000000ec680000,0x00000000eca80000)
 ParOldGen       total 129536K, used 18129K [0x00000000c0000000, 0x00000000c7e80000, 0x00000000eab00000)
  object space 129536K, 13% used [0x00000000c0000000,0x00000000c11b45e0,0x00000000c7e80000)
 Metaspace       used 6360K, capacity 7252K, committed 7424K, reserved 1056768K
  class space    used 648K, capacity 652K, committed 768K, reserved 1048576K
}
Event: 3.939 GC heap before
{Heap before GC invocations=16 (full 0):
 PSYoungGen      total 18944K, used 17236K [0x00000000eab00000, 0x00000000eca80000, 0x0000000100000000)
  eden space 14848K, 100% used [0x00000000eab00000,0x00000000eb980000,0x00000000eb980000)
  from space 4096K, 58% used [0x00000000eb980000,0x00000000ebbd52f0,0x00000000ebd80000)
  to   space 4096K, 0% used [0x00000000ec680000,0x00000000ec680000,0x00000000eca80000)
 ParOldGen       total 129536K, used 18129K [0x00000000c0000000, 0x00000000c7e80000, 0x00000000eab00000)
  object space 129536K, 13% used [0x00000000c0000000,0x00000000c11b45e0,0x00000000c7e80000)
 Metaspace       used 6387K, capacity 7254K, committed 7424K, reserved 1056768K
  class space    used 649K, capacity 654K, committed 768K, reserved 1048576K
Event: 3.941 GC heap after
Heap after GC invocations=16 (full 0):
 PSYoungGen      total 28160K, used 2828K [0x00000000eab00000, 0x00000000eca80000, 0x0000000100000000)
  eden space 24064K, 0% used [0x00000000eab00000,0x00000000eab00000,0x00000000ec280000)
  from space 4096K, 69% used [0x00000000ec680000,0x00000000ec943260,0x00000000eca80000)
  to   space 4096K, 0% used [0x00000000ec280000,0x00000000ec280000,0x00000000ec680000)
 ParOldGen       total 129536K, used 18145K [0x00000000c0000000, 0x00000000c7e80000, 0x00000000eab00000)
  object space 129536K, 14% used [0x00000000c0000000,0x00000000c11b85e0,0x00000000c7e80000)
 Metaspace       used 6387K, capacity 7254K, committed 7424K, reserved 1056768K
  class space    used 649K, capacity 654K, committed 768K, reserved 1048576K
}
Event: 4.165 GC heap before
{Heap before GC invocations=17 (full 0):
 PSYoungGen      total 28160K, used 26892K [0x00000000eab00000, 0x00000000eca80000, 0x0000000100000000)
  eden space 24064K, 100% used [0x00000000eab00000,0x00000000ec280000,0x00000000ec280000)
  from space 4096K, 69% used [0x00000000ec680000,0x00000000ec943260,0x00000000eca80000)
  to   space 4096K, 0% used [0x00000000ec280000,0x00000000ec280000,0x00000000ec680000)
 ParOldGen       total 129536K, used 18145K [0x00000000c0000000, 0x00000000c7e80000, 0x00000000eab00000)
  object space 129536K, 14% used [0x00000000c0000000,0x00000000c11b85e0,0x00000000c7e80000)
 Metaspace       used 6396K, capacity 7254K, committed 7424K, reserved 1056768K
  class space    used 649K, capacity 654K, committed 768K, reserved 1048576K
Event: 4.174 GC heap after
Heap after GC invocations=17 (full 0):
 PSYoungGen      total 28160K, used 2905K [0x00000000eab00000, 0x00000000ed500000, 0x0000000100000000)
  eden space 24064K, 0% used [0x00000000eab00000,0x00000000eab00000,0x00000000ec280000)
  from space 4096K, 70% used [0x00000000ec280000,0x00000000ec556400,0x00000000ec680000)
  to   space 4608K, 0% used [0x00000000ed080000,0x00000000ed080000,0x00000000ed500000)
 ParOldGen       total 129536K, used 28334K [0x00000000c0000000, 0x00000000c7e80000, 0x00000000eab00000)
  object space 129536K, 21% used [0x00000000c0000000,0x00000000c1baba98,0x00000000c7e80000)
 Metaspace       used 6396K, capacity 7254K, committed 7424K, reserved 1056768K
  class space    used 649K, capacity 654K, committed 768K, reserved 1048576K
}
Event: 4.270 GC heap before
{Heap before GC invocations=18 (full 0):
 PSYoungGen      total 28160K, used 26361K [0x00000000eab00000, 0x00000000ed500000, 0x0000000100000000)
  eden space 24064K, 97% used [0x00000000eab00000,0x00000000ec1e81a0,0x00000000ec280000)
  from space 4096K, 70% used [0x00000000ec280000,0x00000000ec556400,0x00000000ec680000)
  to   space 4608K, 0% used [0x00000000ed080000,0x00000000ed080000,0x00000000ed500000)
 ParOldGen       total 129536K, used 28334K [0x00000000c0000000, 0x00000000c7e80000, 0x00000000eab00000)
  object space 129536K, 21% used [0x00000000c0000000,0x00000000c1baba98,0x00000000c7e80000)
 Metaspace       used 6403K, capacity 7254K, committed 7424K, reserved 1056768K
  class space    used 649K, capacity 654K, committed 768K, reserved 1048576K
Event: 4.271 GC heap after
Heap after GC invocations=18 (full 0):
 PSYoungGen      total 37376K, used 1787K [0x00000000eab00000, 0x00000000ed400000, 0x0000000100000000)
  eden space 33792K, 0% used [0x00000000eab00000,0x00000000eab00000,0x00000000ecc00000)
  from space 3584K, 49% used [0x00000000ed080000,0x00000000ed23ec10,0x00000000ed400000)
  to   space 4096K, 0% used [0x00000000ecc00000,0x00000000ecc00000,0x00000000ed000000)
 ParOldGen       total 129536K, used 29707K [0x00000000c0000000, 0x00000000c7e80000, 0x00000000eab00000)
  object space 129536K, 22% used [0x00000000c0000000,0x00000000c1d02db0,0x00000000c7e80000)
 Metaspace       used 6403K, capacity 7254K, committed 7424K, reserved 1056768K
  class space    used 649K, capacity 654K, committed 768K, reserved 1048576K
}
Event: 4.377 GC heap before
{Heap before GC invocations=19 (full 0):
 PSYoungGen      total 37376K, used 35579K [0x00000000eab00000, 0x00000000ed400000, 0x0000000100000000)
  eden space 33792K, 100% used [0x00000000eab00000,0x00000000ecc00000,0x00000000ecc00000)
  from space 3584K, 49% used [0x00000000ed080000,0x00000000ed23ec10,0x00000000ed400000)
  to   space 4096K, 0% used [0x00000000ecc00000,0x00000000ecc00000,0x00000000ed000000)
 ParOldGen       total 129536K, used 29707K [0x00000000c0000000, 0x00000000c7e80000, 0x00000000eab00000)
  object space 129536K, 22% used [0x00000000c0000000,0x00000000c1d02db0,0x00000000c7e80000)
 Metaspace       used 6415K, capacity 7254K, committed 7424K, reserved 1056768K
  class space    used 649K, capacity 654K, committed 768K, reserved 1048576K
Event: 4.382 GC heap after
Heap after GC invocations=19 (full 0):
 PSYoungGen      total 37888K, used 2547K [0x00000000eab00000, 0x00000000ee180000, 0x0000000100000000)
  eden space 33792K, 0% used [0x00000000eab00000,0x00000000eab00000,0x00000000ecc00000)
  from space 4096K, 62% used [0x00000000ecc00000,0x00000000ece7cd00,0x00000000ed000000)
  to   space 4096K, 0% used [0x00000000edd80000,0x00000000edd80000,0x00000000ee180000)
 ParOldGen       total 129536K, used 32465K [0x00000000c0000000, 0x00000000c7e80000, 0x00000000eab00000)
  object space 129536K, 25% used [0x00000000c0000000,0x00000000c1fb4478,0x00000000c7e80000)
 Metaspace       used 6415K, capacity 7254K, committed 7424K, reserved 1056768K
  class space    used 649K, capacity 654K, committed 768K, reserved 1048576K
}

