# JRE version: Java(TM) SE Runtime Environment (8.0_05-b13) (build 1.8.0_05-b13)
# Java VM: Java HotSpot(TM) 64-Bit Server VM (25.5-b02 mixed mode windows-amd64 compressed oops)
Heap:
 PSYoungGen      total 284672K, used 236032K [0x00000000eab00000, 0x00000000ff600000, 0x0000000100000000)
  eden space 236032K, 100% used [0x00000000eab00000,0x00000000f9180000,0x00000000f9180000)
  from space 48640K, 0% used [0x00000000f9180000,0x00000000f9180000,0x00000000fc100000)
  to   space 51200K, 0% used [0x00000000fc400000,0x00000000fc400000,0x00000000ff600000)
 ParOldGen       total 699392K, used 699058K [0x00000000c0000000, 0x00000000eab00000, 0x00000000eab00000)
  object space 699392K, 99% used [0x00000000c0000000,0x00000000eaaac810,0x00000000eab00000)
 Metaspace       used 808180K, capacity 834372K, committed 839424K, reserved 1771520K
  class space    used 107752K, capacity 116545K, committed 117504K, reserved 1048576K
GC Heap History (10 events):
Event: 90405.641 GC heap after
Heap after GC invocations=481 (full 156):
 PSYoungGen      total 284672K, used 33720K [0x00000000eab00000, 0x00000000ff600000, 0x0000000100000000)
  eden space 236032K, 14% used [0x00000000eab00000,0x00000000ecbee3e0,0x00000000f9180000)
  from space 48640K, 0% used [0x00000000f9180000,0x00000000f9180000,0x00000000fc100000)
  to   space 51200K, 0% used [0x00000000fc400000,0x00000000fc400000,0x00000000ff600000)
 ParOldGen       total 699392K, used 699181K [0x00000000c0000000, 0x00000000eab00000, 0x00000000eab00000)
  object space 699392K, 99% used [0x00000000c0000000,0x00000000eaacb708,0x00000000eab00000)
 Metaspace       used 792198K, capacity 817724K, committed 823040K, reserved 1757184K
  class space    used 105749K, capacity 114182K, committed 115200K, reserved 1048576K
}
Event: 90405.923 GC heap before
{Heap before GC invocations=482 (full 157):
 PSYoungGen      total 284672K, used 48206K [0x00000000eab00000, 0x00000000ff600000, 0x0000000100000000)
  eden space 236032K, 20% used [0x00000000eab00000,0x00000000eda13ac8,0x00000000f9180000)
  from space 48640K, 0% used [0x00000000f9180000,0x00000000f9180000,0x00000000fc100000)
  to   space 51200K, 0% used [0x00000000fc400000,0x00000000fc400000,0x00000000ff600000)
 ParOldGen       total 699392K, used 699181K [0x00000000c0000000, 0x00000000eab00000, 0x00000000eab00000)
  object space 699392K, 99% used [0x00000000c0000000,0x00000000eaacb708,0x00000000eab00000)
 Metaspace       used 792817K, capacity 818362K, committed 823296K, reserved 1757184K
  class space    used 105855K, capacity 114292K, committed 115200K, reserved 1048576K
Event: 90407.107 GC heap after
Heap after GC invocations=482 (full 157):
 PSYoungGen      total 284672K, used 22064K [0x00000000eab00000, 0x00000000ff600000, 0x0000000100000000)
  eden space 236032K, 9% used [0x00000000eab00000,0x00000000ec08c138,0x00000000f9180000)
  from space 48640K, 0% used [0x00000000f9180000,0x00000000f9180000,0x00000000fc100000)
  to   space 51200K, 0% used [0x00000000fc400000,0x00000000fc400000,0x00000000ff600000)
 ParOldGen       total 699392K, used 699135K [0x00000000c0000000, 0x00000000eab00000, 0x00000000eab00000)
  object space 699392K, 99% used [0x00000000c0000000,0x00000000eaabfc70,0x00000000eab00000)
 Metaspace       used 792784K, capacity 818248K, committed 823296K, reserved 1757184K
  class space    used 105847K, capacity 114258K, committed 115200K, reserved 1048576K
}
Event: 90697.911 GC heap before
{Heap before GC invocations=483 (full 158):
 PSYoungGen      total 284672K, used 236032K [0x00000000eab00000, 0x00000000ff600000, 0x0000000100000000)
  eden space 236032K, 100% used [0x00000000eab00000,0x00000000f9180000,0x00000000f9180000)
  from space 48640K, 0% used [0x00000000f9180000,0x00000000f9180000,0x00000000fc100000)
  to   space 51200K, 0% used [0x00000000fc400000,0x00000000fc400000,0x00000000ff600000)
 ParOldGen       total 699392K, used 699135K [0x00000000c0000000, 0x00000000eab00000, 0x00000000eab00000)
  object space 699392K, 99% used [0x00000000c0000000,0x00000000eaabfc70,0x00000000eab00000)
 Metaspace       used 798393K, capacity 824555K, committed 828928K, reserved 1763328K
  class space    used 106689K, capacity 115367K, committed 115968K, reserved 1048576K
Event: 90699.134 GC heap after
Heap after GC invocations=483 (full 158):
 PSYoungGen      total 284672K, used 43166K [0x00000000eab00000, 0x00000000ff600000, 0x0000000100000000)
  eden space 236032K, 18% used [0x00000000eab00000,0x00000000ed527908,0x00000000f9180000)
  from space 48640K, 0% used [0x00000000f9180000,0x00000000f9180000,0x00000000fc100000)
  to   space 51200K, 0% used [0x00000000fc400000,0x00000000fc400000,0x00000000ff600000)
 ParOldGen       total 699392K, used 699058K [0x00000000c0000000, 0x00000000eab00000, 0x00000000eab00000)
  object space 699392K, 99% used [0x00000000c0000000,0x00000000eaaaca38,0x00000000eab00000)
 Metaspace       used 798393K, capacity 824555K, committed 828928K, reserved 1763328K
  class space    used 106689K, capacity 115367K, committed 115968K, reserved 1048576K
}
Event: 90701.835 GC heap before
{Heap before GC invocations=484 (full 159):
 PSYoungGen      total 284672K, used 151385K [0x00000000eab00000, 0x00000000ff600000, 0x0000000100000000)
  eden space 236032K, 64% used [0x00000000eab00000,0x00000000f3ed6420,0x00000000f9180000)
  from space 48640K, 0% used [0x00000000f9180000,0x00000000f9180000,0x00000000fc100000)
  to   space 51200K, 0% used [0x00000000fc400000,0x00000000fc400000,0x00000000ff600000)
 ParOldGen       total 699392K, used 699058K [0x00000000c0000000, 0x00000000eab00000, 0x00000000eab00000)
  object space 699392K, 99% used [0x00000000c0000000,0x00000000eaaaca38,0x00000000eab00000)
 Metaspace       used 799821K, capacity 826099K, committed 830208K, reserved 1763328K
  class space    used 106931K, capacity 115653K, committed 116224K, reserved 1048576K
Event: 90703.657 GC heap after
Heap after GC invocations=484 (full 159):
 PSYoungGen      total 284672K, used 7023K [0x00000000eab00000, 0x00000000ff600000, 0x0000000100000000)
  eden space 236032K, 2% used [0x00000000eab00000,0x00000000eb1dbe88,0x00000000f9180000)
  from space 48640K, 0% used [0x00000000f9180000,0x00000000f9180000,0x00000000fc100000)
  to   space 51200K, 0% used [0x00000000fc400000,0x00000000fc400000,0x00000000ff600000)
 ParOldGen       total 699392K, used 699272K [0x00000000c0000000, 0x00000000eab00000, 0x00000000eab00000)
  object space 699392K, 99% used [0x00000000c0000000,0x00000000eaae23a0,0x00000000eab00000)
 Metaspace       used 798353K, capacity 823201K, committed 830208K, reserved 1763328K
  class space    used 106300K, capacity 114557K, committed 116224K, reserved 1048576K
}
Event: 90777.346 GC heap before
{Heap before GC invocations=485 (full 160):
 PSYoungGen      total 284672K, used 236032K [0x00000000eab00000, 0x00000000ff600000, 0x0000000100000000)
  eden space 236032K, 100% used [0x00000000eab00000,0x00000000f9180000,0x00000000f9180000)
  from space 48640K, 0% used [0x00000000f9180000,0x00000000f9180000,0x00000000fc100000)
  to   space 51200K, 0% used [0x00000000fc400000,0x00000000fc400000,0x00000000ff600000)
 ParOldGen       total 699392K, used 699272K [0x00000000c0000000, 0x00000000eab00000, 0x00000000eab00000)
  object space 699392K, 99% used [0x00000000c0000000,0x00000000eaae23a0,0x00000000eab00000)
 Metaspace       used 804383K, capacity 829996K, committed 835328K, reserved 1767424K
  class space    used 107206K, capacity 115746K, committed 116736K, reserved 1048576K
Event: 90778.527 GC heap after
Heap after GC invocations=485 (full 160):
 PSYoungGen      total 284672K, used 29830K [0x00000000eab00000, 0x00000000ff600000, 0x0000000100000000)
  eden space 236032K, 12% used [0x00000000eab00000,0x00000000ec821870,0x00000000f9180000)
  from space 48640K, 0% used [0x00000000f9180000,0x00000000f9180000,0x00000000fc100000)
  to   space 51200K, 0% used [0x00000000fc400000,0x00000000fc400000,0x00000000ff600000)
 ParOldGen       total 699392K, used 699058K [0x00000000c0000000, 0x00000000eab00000, 0x00000000eab00000)
  object space 699392K, 99% used [0x00000000c0000000,0x00000000eaaac810,0x00000000eab00000)
 Metaspace       used 804383K, capacity 829996K, committed 835328K, reserved 1767424K
  class space    used 107206K, capacity 115746K, committed 116736K, reserved 1048576K
}
Event: 91348.010 GC heap before
{Heap before GC invocations=486 (full 161):
 PSYoungGen      total 284672K, used 236032K [0x00000000eab00000, 0x00000000ff600000, 0x0000000100000000)
  eden space 236032K, 100% used [0x00000000eab00000,0x00000000f9180000,0x00000000f9180000)
  from space 48640K, 0% used [0x00000000f9180000,0x00000000f9180000,0x00000000fc100000)
  to   space 51200K, 0% used [0x00000000fc400000,0x00000000fc400000,0x00000000ff600000)
 ParOldGen       total 699392K, used 699058K [0x00000000c0000000, 0x00000000eab00000, 0x00000000eab00000)
  object space 699392K, 99% used [0x00000000c0000000,0x00000000eaaac810,0x00000000eab00000)
 Metaspace       used 808180K, capacity 834372K, committed 839424K, reserved 1771520K
  class space    used 107752K, capacity 116545K, committed 117504K, reserved 1048576K

