# JRE version: Java(TM) SE Runtime Environment (8.0_05-b13) (build 1.8.0_05-b13)
# Java VM: Java HotSpot(TM) 64-Bit Server VM (25.5-b02 mixed mode windows-amd64 compressed oops)
Heap:
 PSYoungGen      total 28160K, used 19019K [0x00000000eab00000, 0x00000000ecb00000, 0x0000000100000000)
  eden space 24064K, 63% used [0x00000000eab00000,0x00000000eb9fcd00,0x00000000ec280000)
  from space 4096K, 89% used [0x00000000ec280000,0x00000000ec616028,0x00000000ec680000)
  to   space 3584K, 0% used [0x00000000ec680000,0x00000000ec680000,0x00000000eca00000)
 ParOldGen       total 129536K, used 45577K [0x00000000c0000000, 0x00000000c7e80000, 0x00000000eab00000)
  object space 129536K, 35% used [0x00000000c0000000,0x00000000c2c82520,0x00000000c7e80000)
 Metaspace       used 6333K, capacity 7188K, committed 7424K, reserved 1056768K
  class space    used 650K, capacity 652K, committed 768K, reserved 1048576K
GC Heap History (10 events):
Event: 2.704 GC heap after
Heap after GC invocations=12 (full 0):
 PSYoungGen      total 12800K, used 2062K [0x00000000eab00000, 0x00000000ebc00000, 0x0000000100000000)
  eden space 9728K, 0% used [0x00000000eab00000,0x00000000eab00000,0x00000000eb480000)
  from space 3072K, 67% used [0x00000000eb800000,0x00000000eba03810,0x00000000ebb00000)
  to   space 3584K, 0% used [0x00000000eb480000,0x00000000eb480000,0x00000000eb800000)
 ParOldGen       total 129536K, used 7927K [0x00000000c0000000, 0x00000000c7e80000, 0x00000000eab00000)
  object space 129536K, 6% used [0x00000000c0000000,0x00000000c07bdf00,0x00000000c7e80000)
 Metaspace       used 5635K, capacity 6768K, committed 7040K, reserved 1056768K
  class space    used 574K, capacity 616K, committed 640K, reserved 1048576K
}
Event: 3.075 GC heap before
{Heap before GC invocations=13 (full 0):
 PSYoungGen      total 12800K, used 11790K [0x00000000eab00000, 0x00000000ebc00000, 0x0000000100000000)
  eden space 9728K, 100% used [0x00000000eab00000,0x00000000eb480000,0x00000000eb480000)
  from space 3072K, 67% used [0x00000000eb800000,0x00000000eba03810,0x00000000ebb00000)
  to   space 3584K, 0% used [0x00000000eb480000,0x00000000eb480000,0x00000000eb800000)
 ParOldGen       total 129536K, used 7927K [0x00000000c0000000, 0x00000000c7e80000, 0x00000000eab00000)
  object space 129536K, 6% used [0x00000000c0000000,0x00000000c07bdf00,0x00000000c7e80000)
 Metaspace       used 6257K, capacity 7188K, committed 7424K, reserved 1056768K
  class space    used 649K, capacity 652K, committed 768K, reserved 1048576K
Event: 3.080 GC heap after
Heap after GC invocations=13 (full 0):
 PSYoungGen      total 13312K, used 1401K [0x00000000eab00000, 0x00000000ec080000, 0x0000000100000000)
  eden space 9728K, 0% used [0x00000000eab00000,0x00000000eab00000,0x00000000eb480000)
  from space 3584K, 39% used [0x00000000eb480000,0x00000000eb5de730,0x00000000eb800000)
  to   space 3072K, 0% used [0x00000000ebd80000,0x00000000ebd80000,0x00000000ec080000)
 ParOldGen       total 129536K, used 9744K [0x00000000c0000000, 0x00000000c7e80000, 0x00000000eab00000)
  object space 129536K, 7% used [0x00000000c0000000,0x00000000c0984158,0x00000000c7e80000)
 Metaspace       used 6257K, capacity 7188K, committed 7424K, reserved 1056768K
  class space    used 649K, capacity 652K, committed 768K, reserved 1048576K
}
Event: 3.172 GC heap before
{Heap before GC invocations=14 (full 0):
 PSYoungGen      total 13312K, used 11129K [0x00000000eab00000, 0x00000000ec080000, 0x0000000100000000)
  eden space 9728K, 100% used [0x00000000eab00000,0x00000000eb480000,0x00000000eb480000)
  from space 3584K, 39% used [0x00000000eb480000,0x00000000eb5de730,0x00000000eb800000)
  to   space 3072K, 0% used [0x00000000ebd80000,0x00000000ebd80000,0x00000000ec080000)
 ParOldGen       total 129536K, used 9744K [0x00000000c0000000, 0x00000000c7e80000, 0x00000000eab00000)
  object space 129536K, 7% used [0x00000000c0000000,0x00000000c0984158,0x00000000c7e80000)
 Metaspace       used 6274K, capacity 7188K, committed 7424K, reserved 1056768K
  class space    used 649K, capacity 652K, committed 768K, reserved 1048576K
Event: 3.185 GC heap after
Heap after GC invocations=14 (full 0):
 PSYoungGen      total 18432K, used 2737K [0x00000000eab00000, 0x00000000ec180000, 0x0000000100000000)
  eden space 15360K, 0% used [0x00000000eab00000,0x00000000eab00000,0x00000000eba00000)
  from space 3072K, 89% used [0x00000000ebd80000,0x00000000ec02c4f8,0x00000000ec080000)
  to   space 3584K, 0% used [0x00000000eba00000,0x00000000eba00000,0x00000000ebd80000)
 ParOldGen       total 129536K, used 16600K [0x00000000c0000000, 0x00000000c7e80000, 0x00000000eab00000)
  object space 129536K, 12% used [0x00000000c0000000,0x00000000c1036270,0x00000000c7e80000)
 Metaspace       used 6274K, capacity 7188K, committed 7424K, reserved 1056768K
  class space    used 649K, capacity 652K, committed 768K, reserved 1048576K
}
Event: 3.340 GC heap before
{Heap before GC invocations=15 (full 0):
 PSYoungGen      total 18432K, used 18097K [0x00000000eab00000, 0x00000000ec180000, 0x0000000100000000)
  eden space 15360K, 100% used [0x00000000eab00000,0x00000000eba00000,0x00000000eba00000)
  from space 3072K, 89% used [0x00000000ebd80000,0x00000000ec02c4f8,0x00000000ec080000)
  to   space 3584K, 0% used [0x00000000eba00000,0x00000000eba00000,0x00000000ebd80000)
 ParOldGen       total 129536K, used 16600K [0x00000000c0000000, 0x00000000c7e80000, 0x00000000eab00000)
  object space 129536K, 12% used [0x00000000c0000000,0x00000000c1036270,0x00000000c7e80000)
 Metaspace       used 6299K, capacity 7188K, committed 7424K, reserved 1056768K
  class space    used 649K, capacity 652K, committed 768K, reserved 1048576K
Event: 3.344 GC heap after
Heap after GC invocations=15 (full 0):
 PSYoungGen      total 18944K, used 2361K [0x00000000eab00000, 0x00000000eca00000, 0x0000000100000000)
  eden space 15360K, 0% used [0x00000000eab00000,0x00000000eab00000,0x00000000eba00000)
  from space 3584K, 65% used [0x00000000eba00000,0x00000000ebc4e640,0x00000000ebd80000)
  to   space 3584K, 0% used [0x00000000ec680000,0x00000000ec680000,0x00000000eca00000)
 ParOldGen       total 129536K, used 16616K [0x00000000c0000000, 0x00000000c7e80000, 0x00000000eab00000)
  object space 129536K, 12% used [0x00000000c0000000,0x00000000c103a270,0x00000000c7e80000)
 Metaspace       used 6299K, capacity 7188K, committed 7424K, reserved 1056768K
  class space    used 649K, capacity 652K, committed 768K, reserved 1048576K
}
Event: 3.419 GC heap before
{Heap before GC invocations=16 (full 0):
 PSYoungGen      total 18944K, used 17721K [0x00000000eab00000, 0x00000000eca00000, 0x0000000100000000)
  eden space 15360K, 100% used [0x00000000eab00000,0x00000000eba00000,0x00000000eba00000)
  from space 3584K, 65% used [0x00000000eba00000,0x00000000ebc4e640,0x00000000ebd80000)
  to   space 3584K, 0% used [0x00000000ec680000,0x00000000ec680000,0x00000000eca00000)
 ParOldGen       total 129536K, used 16616K [0x00000000c0000000, 0x00000000c7e80000, 0x00000000eab00000)
  object space 129536K, 12% used [0x00000000c0000000,0x00000000c103a270,0x00000000c7e80000)
 Metaspace       used 6306K, capacity 7188K, committed 7424K, reserved 1056768K
  class space    used 650K, capacity 652K, committed 768K, reserved 1048576K
Event: 3.429 GC heap after
Heap after GC invocations=16 (full 0):
 PSYoungGen      total 27648K, used 3068K [0x00000000eab00000, 0x00000000ecb00000, 0x0000000100000000)
  eden space 24064K, 0% used [0x00000000eab00000,0x00000000eab00000,0x00000000ec280000)
  from space 3584K, 85% used [0x00000000ec680000,0x00000000ec97f388,0x00000000eca00000)
  to   space 4096K, 0% used [0x00000000ec280000,0x00000000ec280000,0x00000000ec680000)
 ParOldGen       total 129536K, used 20403K [0x00000000c0000000, 0x00000000c7e80000, 0x00000000eab00000)
  object space 129536K, 15% used [0x00000000c0000000,0x00000000c13ecd30,0x00000000c7e80000)
 Metaspace       used 6306K, capacity 7188K, committed 7424K, reserved 1056768K
  class space    used 650K, capacity 652K, committed 768K, reserved 1048576K
}
Event: 3.554 GC heap before
{Heap before GC invocations=17 (full 0):
 PSYoungGen      total 27648K, used 27132K [0x00000000eab00000, 0x00000000ecb00000, 0x0000000100000000)
  eden space 24064K, 100% used [0x00000000eab00000,0x00000000ec280000,0x00000000ec280000)
  from space 3584K, 85% used [0x00000000ec680000,0x00000000ec97f388,0x00000000eca00000)
  to   space 4096K, 0% used [0x00000000ec280000,0x00000000ec280000,0x00000000ec680000)
 ParOldGen       total 129536K, used 20403K [0x00000000c0000000, 0x00000000c7e80000, 0x00000000eab00000)
  object space 129536K, 15% used [0x00000000c0000000,0x00000000c13ecd30,0x00000000c7e80000)
 Metaspace       used 6317K, capacity 7188K, committed 7424K, reserved 1056768K
  class space    used 650K, capacity 652K, committed 768K, reserved 1048576K

